06-21-2016 @ 15:04:45 - Queuing 2.6.0 - wc_update_260_options
06-21-2016 @ 15:04:45 - Queuing 2.6.0 - wc_update_260_termmeta
06-21-2016 @ 15:04:45 - Queuing 2.6.0 - wc_update_260_zones
06-21-2016 @ 15:04:45 - Queuing 2.6.0 - wc_update_260_zone_methods
06-21-2016 @ 15:04:45 - Queuing 2.6.0 - wc_update_260_refunds
06-21-2016 @ 15:04:45 - Queuing 2.6.0 - wc_update_260_db_version
06-21-2016 @ 15:04:46 - Unable to dispatch WooCommerce updater: Operation timed out after 1000 milliseconds with 0 bytes received
06-21-2016 @ 15:04:47 - Running wc_update_260_options callback
06-21-2016 @ 15:04:47 - Finished wc_update_260_options callback
06-21-2016 @ 15:04:48 - Unable to dispatch WooCommerce updater: Operation timed out after 1001 milliseconds with 0 bytes received
06-21-2016 @ 15:04:49 - Running wc_update_260_termmeta callback
06-21-2016 @ 15:04:49 - Finished wc_update_260_termmeta callback
06-21-2016 @ 15:04:50 - Unable to dispatch WooCommerce updater: Operation timed out after 1001 milliseconds with 0 bytes received
06-21-2016 @ 15:04:51 - Running wc_update_260_zones callback
06-21-2016 @ 15:04:51 - Finished wc_update_260_zones callback
06-21-2016 @ 15:04:52 - Unable to dispatch WooCommerce updater: Operation timed out after 1001 milliseconds with 0 bytes received
06-21-2016 @ 15:04:52 - Running wc_update_260_zone_methods callback
06-21-2016 @ 15:04:52 - Finished wc_update_260_zone_methods callback
06-21-2016 @ 15:04:53 - Unable to dispatch WooCommerce updater: Operation timed out after 1000 milliseconds with 0 bytes received
06-21-2016 @ 15:04:54 - Running wc_update_260_refunds callback
06-21-2016 @ 15:04:54 - Finished wc_update_260_refunds callback
06-21-2016 @ 15:04:55 - Unable to dispatch WooCommerce updater: Operation timed out after 1001 milliseconds with 0 bytes received
06-21-2016 @ 15:04:56 - Running wc_update_260_db_version callback
06-21-2016 @ 15:04:56 - Finished wc_update_260_db_version callback
06-21-2016 @ 15:04:56 - Data update complete
